<?xml version="1.0" encoding="UTF-8"?>
<!-- Generated by org.testng.reporters.JUnitReportReporter -->
<testsuite hostname="DESKTOP-BG83L86" failures="0" tests="8" name="testcases.SignUpHandle" time="17.188" errors="0" timestamp="2023-10-27T11:53:39 IST" skipped="0">
  <testcase classname="testcases.SignUpHandle" name="signUpLinkClick" time="2.132"/>
  <system-out/>
  <testcase classname="testcases.SignUpHandle" name="enterUsername" time="2.195"/>
  <system-out/>
  <testcase classname="testcases.SignUpHandle" name="enterFullname" time="2.183"/>
  <system-out/>
  <testcase classname="testcases.SignUpHandle" name="enterEmail" time="2.166"/>
  <system-out/>
  <testcase classname="testcases.SignUpHandle" name="enterPassword" time="2.168"/>
  <system-out/>
  <testcase classname="testcases.SignUpHandle" name="enterPhoneNumber" time="2.166"/>
  <system-out/>
  <testcase classname="testcases.SignUpHandle" name="clickOnTerms" time="2.102"/>
  <system-out/>
  <testcase classname="testcases.SignUpHandle" name="clickOnSignUpButton" time="2.076"/>
  <system-out/>
</testsuite> <!-- testcases.SignUpHandle -->
