<?xml version="1.0" encoding="UTF-8"?>
<!-- Generated by org.testng.reporters.JUnitReportReporter -->
<testsuite hostname="DESKTOP-BG83L86" failures="0" tests="8" name="testcases.SignUpHandle" time="17.443" errors="0" timestamp="2023-10-27T11:25:28 IST" skipped="0">
  <testcase classname="testcases.SignUpHandle" name="signUpLinkClick" time="2.125"/>
  <system-out/>
  <testcase classname="testcases.SignUpHandle" name="enterUsername" time="2.175"/>
  <system-out/>
  <testcase classname="testcases.SignUpHandle" name="enterFullname" time="2.258"/>
  <system-out/>
  <testcase classname="testcases.SignUpHandle" name="enterEmail" time="2.226"/>
  <system-out/>
  <testcase classname="testcases.SignUpHandle" name="enterPassword" time="2.230"/>
  <system-out/>
  <testcase classname="testcases.SignUpHandle" name="enterPhoneNumber" time="2.202"/>
  <system-out/>
  <testcase classname="testcases.SignUpHandle" name="clickOnTerms" time="2.111"/>
  <system-out/>
  <testcase classname="testcases.SignUpHandle" name="clickOnSignUpButton" time="2.116"/>
  <system-out/>
</testsuite> <!-- testcases.SignUpHandle -->
